22:00:49 INFO  : Registering command handlers for SDK TCF services
22:00:50 INFO  : Launching XSCT server: xsct -n -interactive /home/user/embd_sys_pmod_demo/embd_sys_pmod_demo.sdk/temp_xsdb_launch_script.tcl
22:00:52 INFO  : XSCT server has started successfully.
22:00:52 INFO  : Successfully done setting XSCT server connection channel  
22:00:52 INFO  : Successfully done setting SDK workspace  
22:00:52 INFO  : Processing command line option -hwspec /home/user/embd_sys_pmod_demo/embd_sys_pmod_demo.sdk/rtcc_tmp3_oled_wrapper.hdf.
22:05:07 INFO  : Registering command handlers for SDK TCF services
22:05:07 INFO  : Launching XSCT server: xsct -n -interactive /home/user/embd_sys_pmod_demo/embd_sys_pmod_demo.sdk/temp_xsdb_launch_script.tcl
22:05:08 INFO  : XSCT server has started successfully.
22:05:08 INFO  : Successfully done setting XSCT server connection channel  
22:05:09 INFO  : Successfully done setting SDK workspace  
22:05:09 INFO  : Processing command line option -hwspec /home/user/embd_sys_pmod_demo/embd_sys_pmod_demo.sdk/rtcc_tmp3_oled_wrapper.hdf.
22:05:09 INFO  : Checking for hwspec changes in the project rtcc_tmp3_oled_wrapper_hw_platform_0.
22:08:06 INFO  : Connected to target on host '127.0.0.1' and port '3121'.
22:08:06 INFO  : 'targets -set -filter {jtag_cable_name =~ "Digilent Zybo 210279A42852A" && level==0} -index 1' command is executed.
22:08:07 INFO  : FPGA configured successfully with bitstream "/home/user/embd_sys_pmod_demo/embd_sys_pmod_demo.sdk/rtcc_tmp3_oled_wrapper_hw_platform_0/rtcc_tmp3_oled_wrapper.bit"
22:08:19 INFO  : 'targets -set -filter {jtag_cable_name =~ "Digilent Zybo 210279A42852A" && level==0} -index 1' command is executed.
22:08:19 INFO  : 'fpga -state' command is executed.
22:08:19 INFO  : Connected to target on host '127.0.0.1' and port '3121'.
22:08:19 INFO  : Jtag cable 'Digilent Zybo 210279A42852A' is selected.
22:08:19 INFO  : 'jtag frequency' command is executed.
22:08:19 INFO  : Sourcing of '/home/user/embd_sys_pmod_demo/embd_sys_pmod_demo.sdk/rtcc_tmp3_oled_wrapper_hw_platform_0/ps7_init.tcl' is done.
22:08:19 INFO  : Context for 'APU' is selected.
22:08:19 INFO  : Hardware design information is loaded from '/home/user/embd_sys_pmod_demo/embd_sys_pmod_demo.sdk/rtcc_tmp3_oled_wrapper_hw_platform_0/system.hdf'.
22:08:19 INFO  : 'configparams force-mem-access 1' command is executed.
22:08:19 INFO  : Context for 'APU' is selected.
22:08:19 INFO  : 'stop' command is executed.
22:08:19 INFO  : 'ps7_init' command is executed.
22:08:19 INFO  : 'ps7_post_config' command is executed.
22:08:19 INFO  : Context for processor 'ps7_cortexa9_0' is selected.
22:08:19 INFO  : Processor reset is completed for 'ps7_cortexa9_0'.
22:08:19 INFO  : Context for processor 'ps7_cortexa9_0' is selected.
22:08:19 INFO  : The application '/home/user/embd_sys_pmod_demo/embd_sys_pmod_demo.sdk/OLED_demo/Debug/OLED_demo.elf' is downloaded to processor 'ps7_cortexa9_0'.
22:08:19 INFO  : 'configparams force-mem-access 0' command is executed.
22:08:19 INFO  : ----------------XSDB Script----------------
connect -url tcp:127.0.0.1:3121
source /home/user/embd_sys_pmod_demo/embd_sys_pmod_demo.sdk/rtcc_tmp3_oled_wrapper_hw_platform_0/ps7_init.tcl
targets -set -nocase -filter {name =~"APU*" && jtag_cable_name =~ "Digilent Zybo 210279A42852A"} -index 0
loadhw -hw /home/user/embd_sys_pmod_demo/embd_sys_pmod_demo.sdk/rtcc_tmp3_oled_wrapper_hw_platform_0/system.hdf -mem-ranges [list {0x40000000 0xbfffffff}]
configparams force-mem-access 1
targets -set -nocase -filter {name =~"APU*" && jtag_cable_name =~ "Digilent Zybo 210279A42852A"} -index 0
stop
ps7_init
ps7_post_config
targets -set -nocase -filter {name =~ "ARM*#0" && jtag_cable_name =~ "Digilent Zybo 210279A42852A"} -index 0
rst -processor
targets -set -nocase -filter {name =~ "ARM*#0" && jtag_cable_name =~ "Digilent Zybo 210279A42852A"} -index 0
dow /home/user/embd_sys_pmod_demo/embd_sys_pmod_demo.sdk/OLED_demo/Debug/OLED_demo.elf
configparams force-mem-access 0
----------------End of Script----------------

22:08:19 INFO  : Context for processor 'ps7_cortexa9_0' is selected.
22:08:19 INFO  : 'con' command is executed.
22:08:19 INFO  : ----------------XSDB Script (After Launch)----------------
targets -set -nocase -filter {name =~ "ARM*#0" && jtag_cable_name =~ "Digilent Zybo 210279A42852A"} -index 0
con
----------------End of Script----------------

22:08:19 INFO  : Disconnected from the channel tcfchan#1.
