13:32:24 INFO  : Registering command handlers for SDK TCF services
13:32:25 INFO  : Launching XSCT server: xsct -n -interactive /home/user/Desktop/Lab6/Lab6.sdk/temp_xsdb_launch_script.tcl
13:32:27 INFO  : XSCT server has started successfully.
13:32:27 INFO  : Successfully done setting XSCT server connection channel  
13:32:28 INFO  : Successfully done setting SDK workspace  
13:32:28 INFO  : Processing command line option -hwspec /home/user/Desktop/Lab6/Lab6.sdk/design_1_wrapper.hdf.
13:43:08 INFO  : Connected to target on host '127.0.0.1' and port '3121'.
13:43:09 INFO  : 'targets -set -filter {jtag_cable_name =~ "Digilent Zybo 210279A42CAAA" && level==0} -index 1' command is executed.
13:43:10 INFO  : FPGA configured successfully with bitstream "/home/user/Desktop/Lab6/Lab6.sdk/design_1_wrapper_hw_platform_0/design_1_wrapper.bit"
14:17:34 INFO  : 'targets -set -filter {jtag_cable_name =~ "Digilent Zybo 210279A42CAAA" && level==0} -index 1' command is executed.
14:17:34 INFO  : 'fpga -state' command is executed.
14:17:34 INFO  : Connected to target on host '127.0.0.1' and port '3121'.
14:17:34 INFO  : Jtag cable 'Digilent Zybo 210279A42CAAA' is selected.
14:17:34 INFO  : 'jtag frequency' command is executed.
14:17:34 INFO  : Sourcing of '/home/user/Desktop/Lab6/Lab6.sdk/design_1_wrapper_hw_platform_0/ps7_init.tcl' is done.
14:17:34 INFO  : Context for 'APU' is selected.
14:17:34 INFO  : Hardware design information is loaded from '/home/user/Desktop/Lab6/Lab6.sdk/design_1_wrapper_hw_platform_0/system.hdf'.
14:17:34 INFO  : 'configparams force-mem-access 1' command is executed.
14:17:34 INFO  : Context for 'APU' is selected.
14:17:34 INFO  : 'stop' command is executed.
14:17:34 INFO  : 'ps7_init' command is executed.
14:17:34 INFO  : 'ps7_post_config' command is executed.
14:17:34 INFO  : Context for processor 'ps7_cortexa9_0' is selected.
14:17:34 INFO  : Processor reset is completed for 'ps7_cortexa9_0'.
14:17:34 INFO  : Context for processor 'ps7_cortexa9_0' is selected.
14:17:34 INFO  : The application '/home/user/Desktop/Lab6/Lab6.sdk/RTCC_OLED/Debug/RTCC_OLED.elf' is downloaded to processor 'ps7_cortexa9_0'.
14:17:34 INFO  : 'configparams force-mem-access 0' command is executed.
14:17:34 INFO  : ----------------XSDB Script----------------
connect -url tcp:127.0.0.1:3121
source /home/user/Desktop/Lab6/Lab6.sdk/design_1_wrapper_hw_platform_0/ps7_init.tcl
targets -set -nocase -filter {name =~"APU*" && jtag_cable_name =~ "Digilent Zybo 210279A42CAAA"} -index 0
loadhw -hw /home/user/Desktop/Lab6/Lab6.sdk/design_1_wrapper_hw_platform_0/system.hdf -mem-ranges [list {0x40000000 0xbfffffff}]
configparams force-mem-access 1
targets -set -nocase -filter {name =~"APU*" && jtag_cable_name =~ "Digilent Zybo 210279A42CAAA"} -index 0
stop
ps7_init
ps7_post_config
targets -set -nocase -filter {name =~ "ARM*#0" && jtag_cable_name =~ "Digilent Zybo 210279A42CAAA"} -index 0
rst -processor
targets -set -nocase -filter {name =~ "ARM*#0" && jtag_cable_name =~ "Digilent Zybo 210279A42CAAA"} -index 0
dow /home/user/Desktop/Lab6/Lab6.sdk/RTCC_OLED/Debug/RTCC_OLED.elf
configparams force-mem-access 0
----------------End of Script----------------

14:17:34 INFO  : Memory regions updated for context APU
14:17:34 INFO  : Context for processor 'ps7_cortexa9_0' is selected.
14:17:34 INFO  : 'con' command is executed.
14:17:34 INFO  : ----------------XSDB Script (After Launch)----------------
targets -set -nocase -filter {name =~ "ARM*#0" && jtag_cable_name =~ "Digilent Zybo 210279A42CAAA"} -index 0
con
----------------End of Script----------------

14:17:34 INFO  : Launch script is exported to file '/home/user/Desktop/Lab6/Lab6.sdk/.sdk/launch_scripts/xilinx_c-c++_application_(system_debugger)/system_debugger_using_debug_rtcc_oled.elf_on_local.tcl'
14:18:00 INFO  : 'targets -set -filter {jtag_cable_name =~ "Digilent Zybo 210279A42CAAA" && level==0} -index 1' command is executed.
14:18:00 INFO  : 'fpga -state' command is executed.
14:18:00 INFO  : Connected to target on host '127.0.0.1' and port '3121'.
14:18:00 INFO  : Jtag cable 'Digilent Zybo 210279A42CAAA' is selected.
14:18:00 INFO  : 'jtag frequency' command is executed.
14:18:00 INFO  : Sourcing of '/home/user/Desktop/Lab6/Lab6.sdk/design_1_wrapper_hw_platform_0/ps7_init.tcl' is done.
14:18:00 INFO  : Context for 'APU' is selected.
14:18:00 INFO  : Hardware design information is loaded from '/home/user/Desktop/Lab6/Lab6.sdk/design_1_wrapper_hw_platform_0/system.hdf'.
14:18:00 INFO  : 'configparams force-mem-access 1' command is executed.
14:18:00 INFO  : Context for 'APU' is selected.
14:18:00 INFO  : 'stop' command is executed.
14:18:00 INFO  : 'ps7_init' command is executed.
14:18:00 INFO  : 'ps7_post_config' command is executed.
14:18:00 INFO  : Context for processor 'ps7_cortexa9_0' is selected.
14:18:00 INFO  : Processor reset is completed for 'ps7_cortexa9_0'.
14:18:00 INFO  : Context for processor 'ps7_cortexa9_0' is selected.
14:18:00 INFO  : The application '/home/user/Desktop/Lab6/Lab6.sdk/RTCC_OLED/Debug/RTCC_OLED.elf' is downloaded to processor 'ps7_cortexa9_0'.
14:18:00 INFO  : 'configparams force-mem-access 0' command is executed.
14:18:00 INFO  : ----------------XSDB Script----------------
connect -url tcp:127.0.0.1:3121
source /home/user/Desktop/Lab6/Lab6.sdk/design_1_wrapper_hw_platform_0/ps7_init.tcl
targets -set -nocase -filter {name =~"APU*" && jtag_cable_name =~ "Digilent Zybo 210279A42CAAA"} -index 0
loadhw -hw /home/user/Desktop/Lab6/Lab6.sdk/design_1_wrapper_hw_platform_0/system.hdf -mem-ranges [list {0x40000000 0xbfffffff}]
configparams force-mem-access 1
targets -set -nocase -filter {name =~"APU*" && jtag_cable_name =~ "Digilent Zybo 210279A42CAAA"} -index 0
stop
ps7_init
ps7_post_config
targets -set -nocase -filter {name =~ "ARM*#0" && jtag_cable_name =~ "Digilent Zybo 210279A42CAAA"} -index 0
rst -processor
targets -set -nocase -filter {name =~ "ARM*#0" && jtag_cable_name =~ "Digilent Zybo 210279A42CAAA"} -index 0
dow /home/user/Desktop/Lab6/Lab6.sdk/RTCC_OLED/Debug/RTCC_OLED.elf
configparams force-mem-access 0
----------------End of Script----------------

14:18:00 INFO  : Context for processor 'ps7_cortexa9_0' is selected.
14:18:00 INFO  : 'con' command is executed.
14:18:00 INFO  : ----------------XSDB Script (After Launch)----------------
targets -set -nocase -filter {name =~ "ARM*#0" && jtag_cable_name =~ "Digilent Zybo 210279A42CAAA"} -index 0
con
----------------End of Script----------------

14:18:00 INFO  : Disconnected from the channel tcfchan#1.
14:18:25 INFO  : 'targets -set -filter {jtag_cable_name =~ "Digilent Zybo 210279A42CAAA" && level==0} -index 1' command is executed.
14:18:25 INFO  : 'fpga -state' command is executed.
14:18:25 INFO  : Connected to target on host '127.0.0.1' and port '3121'.
14:18:25 INFO  : Jtag cable 'Digilent Zybo 210279A42CAAA' is selected.
14:18:25 INFO  : 'jtag frequency' command is executed.
14:18:25 INFO  : Sourcing of '/home/user/Desktop/Lab6/Lab6.sdk/design_1_wrapper_hw_platform_0/ps7_init.tcl' is done.
14:18:25 INFO  : Context for 'APU' is selected.
14:18:25 INFO  : Hardware design information is loaded from '/home/user/Desktop/Lab6/Lab6.sdk/design_1_wrapper_hw_platform_0/system.hdf'.
14:18:25 INFO  : 'configparams force-mem-access 1' command is executed.
14:18:25 INFO  : Context for 'APU' is selected.
14:18:25 INFO  : 'stop' command is executed.
14:18:26 INFO  : 'ps7_init' command is executed.
14:18:26 INFO  : 'ps7_post_config' command is executed.
14:18:26 INFO  : Context for processor 'ps7_cortexa9_0' is selected.
14:18:26 INFO  : Processor reset is completed for 'ps7_cortexa9_0'.
14:18:26 INFO  : Context for processor 'ps7_cortexa9_0' is selected.
14:18:26 INFO  : The application '/home/user/Desktop/Lab6/Lab6.sdk/RTCC_OLED/Debug/RTCC_OLED.elf' is downloaded to processor 'ps7_cortexa9_0'.
14:18:26 INFO  : 'configparams force-mem-access 0' command is executed.
14:18:26 INFO  : ----------------XSDB Script----------------
connect -url tcp:127.0.0.1:3121
source /home/user/Desktop/Lab6/Lab6.sdk/design_1_wrapper_hw_platform_0/ps7_init.tcl
targets -set -nocase -filter {name =~"APU*" && jtag_cable_name =~ "Digilent Zybo 210279A42CAAA"} -index 0
loadhw -hw /home/user/Desktop/Lab6/Lab6.sdk/design_1_wrapper_hw_platform_0/system.hdf -mem-ranges [list {0x40000000 0xbfffffff}]
configparams force-mem-access 1
targets -set -nocase -filter {name =~"APU*" && jtag_cable_name =~ "Digilent Zybo 210279A42CAAA"} -index 0
stop
ps7_init
ps7_post_config
targets -set -nocase -filter {name =~ "ARM*#0" && jtag_cable_name =~ "Digilent Zybo 210279A42CAAA"} -index 0
rst -processor
targets -set -nocase -filter {name =~ "ARM*#0" && jtag_cable_name =~ "Digilent Zybo 210279A42CAAA"} -index 0
dow /home/user/Desktop/Lab6/Lab6.sdk/RTCC_OLED/Debug/RTCC_OLED.elf
configparams force-mem-access 0
----------------End of Script----------------

14:18:26 INFO  : Context for processor 'ps7_cortexa9_0' is selected.
14:18:26 INFO  : 'con' command is executed.
14:18:26 INFO  : ----------------XSDB Script (After Launch)----------------
targets -set -nocase -filter {name =~ "ARM*#0" && jtag_cable_name =~ "Digilent Zybo 210279A42CAAA"} -index 0
con
----------------End of Script----------------

14:18:26 INFO  : Disconnected from the channel tcfchan#2.
14:30:22 INFO  : 'targets -set -filter {jtag_cable_name =~ "Digilent Zybo 210279A42CAAA" && level==0} -index 1' command is executed.
14:30:22 INFO  : 'fpga -state' command is executed.
14:30:22 INFO  : Connected to target on host '127.0.0.1' and port '3121'.
14:30:22 INFO  : Jtag cable 'Digilent Zybo 210279A42CAAA' is selected.
14:30:22 INFO  : 'jtag frequency' command is executed.
14:30:22 INFO  : Sourcing of '/home/user/Desktop/Lab6/Lab6.sdk/design_1_wrapper_hw_platform_0/ps7_init.tcl' is done.
14:30:22 INFO  : Context for 'APU' is selected.
14:30:22 INFO  : Hardware design information is loaded from '/home/user/Desktop/Lab6/Lab6.sdk/design_1_wrapper_hw_platform_0/system.hdf'.
14:30:22 INFO  : 'configparams force-mem-access 1' command is executed.
14:30:22 INFO  : Context for 'APU' is selected.
14:30:22 INFO  : 'stop' command is executed.
14:30:23 INFO  : 'ps7_init' command is executed.
14:30:23 INFO  : 'ps7_post_config' command is executed.
14:30:23 INFO  : Context for processor 'ps7_cortexa9_0' is selected.
14:30:23 INFO  : Processor reset is completed for 'ps7_cortexa9_0'.
14:30:23 INFO  : Context for processor 'ps7_cortexa9_0' is selected.
14:30:23 INFO  : The application '/home/user/Desktop/Lab6/Lab6.sdk/RTCC_OLED/Debug/RTCC_OLED.elf' is downloaded to processor 'ps7_cortexa9_0'.
14:30:23 INFO  : 'configparams force-mem-access 0' command is executed.
14:30:23 INFO  : ----------------XSDB Script----------------
connect -url tcp:127.0.0.1:3121
source /home/user/Desktop/Lab6/Lab6.sdk/design_1_wrapper_hw_platform_0/ps7_init.tcl
targets -set -nocase -filter {name =~"APU*" && jtag_cable_name =~ "Digilent Zybo 210279A42CAAA"} -index 0
loadhw -hw /home/user/Desktop/Lab6/Lab6.sdk/design_1_wrapper_hw_platform_0/system.hdf -mem-ranges [list {0x40000000 0xbfffffff}]
configparams force-mem-access 1
targets -set -nocase -filter {name =~"APU*" && jtag_cable_name =~ "Digilent Zybo 210279A42CAAA"} -index 0
stop
ps7_init
ps7_post_config
targets -set -nocase -filter {name =~ "ARM*#0" && jtag_cable_name =~ "Digilent Zybo 210279A42CAAA"} -index 0
rst -processor
targets -set -nocase -filter {name =~ "ARM*#0" && jtag_cable_name =~ "Digilent Zybo 210279A42CAAA"} -index 0
dow /home/user/Desktop/Lab6/Lab6.sdk/RTCC_OLED/Debug/RTCC_OLED.elf
configparams force-mem-access 0
----------------End of Script----------------

14:30:23 INFO  : Context for processor 'ps7_cortexa9_0' is selected.
14:30:23 INFO  : 'con' command is executed.
14:30:23 INFO  : ----------------XSDB Script (After Launch)----------------
targets -set -nocase -filter {name =~ "ARM*#0" && jtag_cable_name =~ "Digilent Zybo 210279A42CAAA"} -index 0
con
----------------End of Script----------------

14:30:23 INFO  : Disconnected from the channel tcfchan#3.
15:04:39 INFO  : 'targets -set -filter {jtag_cable_name =~ "Digilent Zybo 210279A42CAAA" && level==0} -index 1' command is executed.
15:04:39 INFO  : 'fpga -state' command is executed.
15:04:39 INFO  : Connected to target on host '127.0.0.1' and port '3121'.
15:04:39 INFO  : Jtag cable 'Digilent Zybo 210279A42CAAA' is selected.
15:04:39 INFO  : 'jtag frequency' command is executed.
15:04:39 INFO  : Sourcing of '/home/user/Desktop/Lab6/Lab6.sdk/design_1_wrapper_hw_platform_0/ps7_init.tcl' is done.
15:04:40 INFO  : Context for 'APU' is selected.
15:04:40 INFO  : Hardware design information is loaded from '/home/user/Desktop/Lab6/Lab6.sdk/design_1_wrapper_hw_platform_0/system.hdf'.
15:04:40 INFO  : 'configparams force-mem-access 1' command is executed.
15:04:40 INFO  : Context for 'APU' is selected.
15:04:40 INFO  : 'stop' command is executed.
15:04:40 INFO  : 'ps7_init' command is executed.
15:04:40 INFO  : 'ps7_post_config' command is executed.
15:04:40 INFO  : Context for processor 'ps7_cortexa9_0' is selected.
15:04:40 INFO  : Processor reset is completed for 'ps7_cortexa9_0'.
15:04:40 INFO  : Context for processor 'ps7_cortexa9_0' is selected.
15:04:40 INFO  : The application '/home/user/Desktop/Lab6/Lab6.sdk/RTCC_OLED/Debug/RTCC_OLED.elf' is downloaded to processor 'ps7_cortexa9_0'.
15:04:40 INFO  : 'configparams force-mem-access 0' command is executed.
15:04:40 INFO  : ----------------XSDB Script----------------
connect -url tcp:127.0.0.1:3121
source /home/user/Desktop/Lab6/Lab6.sdk/design_1_wrapper_hw_platform_0/ps7_init.tcl
targets -set -nocase -filter {name =~"APU*" && jtag_cable_name =~ "Digilent Zybo 210279A42CAAA"} -index 0
loadhw -hw /home/user/Desktop/Lab6/Lab6.sdk/design_1_wrapper_hw_platform_0/system.hdf -mem-ranges [list {0x40000000 0xbfffffff}]
configparams force-mem-access 1
targets -set -nocase -filter {name =~"APU*" && jtag_cable_name =~ "Digilent Zybo 210279A42CAAA"} -index 0
stop
ps7_init
ps7_post_config
targets -set -nocase -filter {name =~ "ARM*#0" && jtag_cable_name =~ "Digilent Zybo 210279A42CAAA"} -index 0
rst -processor
targets -set -nocase -filter {name =~ "ARM*#0" && jtag_cable_name =~ "Digilent Zybo 210279A42CAAA"} -index 0
dow /home/user/Desktop/Lab6/Lab6.sdk/RTCC_OLED/Debug/RTCC_OLED.elf
configparams force-mem-access 0
----------------End of Script----------------

15:04:40 INFO  : Context for processor 'ps7_cortexa9_0' is selected.
15:04:40 INFO  : 'con' command is executed.
15:04:40 INFO  : ----------------XSDB Script (After Launch)----------------
targets -set -nocase -filter {name =~ "ARM*#0" && jtag_cable_name =~ "Digilent Zybo 210279A42CAAA"} -index 0
con
----------------End of Script----------------

15:04:40 INFO  : Disconnected from the channel tcfchan#4.
15:05:15 INFO  : 'targets -set -filter {jtag_cable_name =~ "Digilent Zybo 210279A42CAAA" && level==0} -index 1' command is executed.
15:05:15 INFO  : 'fpga -state' command is executed.
15:05:15 INFO  : Connected to target on host '127.0.0.1' and port '3121'.
15:05:15 INFO  : Jtag cable 'Digilent Zybo 210279A42CAAA' is selected.
15:05:15 INFO  : 'jtag frequency' command is executed.
15:05:15 INFO  : Sourcing of '/home/user/Desktop/Lab6/Lab6.sdk/design_1_wrapper_hw_platform_0/ps7_init.tcl' is done.
15:05:15 INFO  : Context for 'APU' is selected.
15:05:15 INFO  : Hardware design information is loaded from '/home/user/Desktop/Lab6/Lab6.sdk/design_1_wrapper_hw_platform_0/system.hdf'.
15:05:15 INFO  : 'configparams force-mem-access 1' command is executed.
15:05:15 INFO  : Context for 'APU' is selected.
15:05:15 INFO  : 'stop' command is executed.
15:05:16 INFO  : 'ps7_init' command is executed.
15:05:16 INFO  : 'ps7_post_config' command is executed.
15:05:16 INFO  : Context for processor 'ps7_cortexa9_0' is selected.
15:05:16 INFO  : Processor reset is completed for 'ps7_cortexa9_0'.
15:05:16 INFO  : Context for processor 'ps7_cortexa9_0' is selected.
15:05:16 INFO  : The application '/home/user/Desktop/Lab6/Lab6.sdk/RTCC_OLED/Debug/RTCC_OLED.elf' is downloaded to processor 'ps7_cortexa9_0'.
15:05:16 INFO  : 'configparams force-mem-access 0' command is executed.
15:05:16 INFO  : ----------------XSDB Script----------------
connect -url tcp:127.0.0.1:3121
source /home/user/Desktop/Lab6/Lab6.sdk/design_1_wrapper_hw_platform_0/ps7_init.tcl
targets -set -nocase -filter {name =~"APU*" && jtag_cable_name =~ "Digilent Zybo 210279A42CAAA"} -index 0
loadhw -hw /home/user/Desktop/Lab6/Lab6.sdk/design_1_wrapper_hw_platform_0/system.hdf -mem-ranges [list {0x40000000 0xbfffffff}]
configparams force-mem-access 1
targets -set -nocase -filter {name =~"APU*" && jtag_cable_name =~ "Digilent Zybo 210279A42CAAA"} -index 0
stop
ps7_init
ps7_post_config
targets -set -nocase -filter {name =~ "ARM*#0" && jtag_cable_name =~ "Digilent Zybo 210279A42CAAA"} -index 0
rst -processor
targets -set -nocase -filter {name =~ "ARM*#0" && jtag_cable_name =~ "Digilent Zybo 210279A42CAAA"} -index 0
dow /home/user/Desktop/Lab6/Lab6.sdk/RTCC_OLED/Debug/RTCC_OLED.elf
configparams force-mem-access 0
----------------End of Script----------------

15:05:16 INFO  : Context for processor 'ps7_cortexa9_0' is selected.
15:05:16 INFO  : 'con' command is executed.
15:05:16 INFO  : ----------------XSDB Script (After Launch)----------------
targets -set -nocase -filter {name =~ "ARM*#0" && jtag_cable_name =~ "Digilent Zybo 210279A42CAAA"} -index 0
con
----------------End of Script----------------

15:05:16 INFO  : Disconnected from the channel tcfchan#5.
